{"total": {"lines":{"total":240,"covered":200,"skipped":0,"pct":83.33},"statements":{"total":241,"covered":200,"skipped":0,"pct":82.98},"functions":{"total":45,"covered":45,"skipped":0,"pct":100},"branches":{"total":43,"covered":32,"skipped":0,"pct":74.41},"branchesTrue":{"total":0,"covered":0,"skipped":0,"pct":100}}
,"/home/adson/Personal-Repository/Nichan/app/backend/src/controllers/animes.controller.ts": {"lines":{"total":20,"covered":20,"skipped":0,"pct":100},"functions":{"total":6,"covered":6,"skipped":0,"pct":100},"statements":{"total":20,"covered":20,"skipped":0,"pct":100},"branches":{"total":0,"covered":0,"skipped":0,"pct":100}}
,"/home/adson/Personal-Repository/Nichan/app/backend/src/controllers/comments.controller.ts": {"lines":{"total":20,"covered":20,"skipped":0,"pct":100},"functions":{"total":6,"covered":6,"skipped":0,"pct":100},"statements":{"total":20,"covered":20,"skipped":0,"pct":100},"branches":{"total":0,"covered":0,"skipped":0,"pct":100}}
,"/home/adson/Personal-Repository/Nichan/app/backend/src/controllers/users.controller.ts": {"lines":{"total":20,"covered":20,"skipped":0,"pct":100},"functions":{"total":6,"covered":6,"skipped":0,"pct":100},"statements":{"total":20,"covered":20,"skipped":0,"pct":100},"branches":{"total":0,"covered":0,"skipped":0,"pct":100}}
,"/home/adson/Personal-Repository/Nichan/app/backend/src/models/animes.model.ts": {"lines":{"total":6,"covered":6,"skipped":0,"pct":100},"functions":{"total":1,"covered":1,"skipped":0,"pct":100},"statements":{"total":6,"covered":6,"skipped":0,"pct":100},"branches":{"total":1,"covered":1,"skipped":0,"pct":100}}
,"/home/adson/Personal-Repository/Nichan/app/backend/src/models/comments.model.ts": {"lines":{"total":6,"covered":6,"skipped":0,"pct":100},"functions":{"total":1,"covered":1,"skipped":0,"pct":100},"statements":{"total":6,"covered":6,"skipped":0,"pct":100},"branches":{"total":1,"covered":1,"skipped":0,"pct":100}}
,"/home/adson/Personal-Repository/Nichan/app/backend/src/models/mongo.model.ts": {"lines":{"total":25,"covered":25,"skipped":0,"pct":100},"functions":{"total":6,"covered":6,"skipped":0,"pct":100},"statements":{"total":25,"covered":25,"skipped":0,"pct":100},"branches":{"total":6,"covered":6,"skipped":0,"pct":100}}
,"/home/adson/Personal-Repository/Nichan/app/backend/src/models/users.model.ts": {"lines":{"total":6,"covered":6,"skipped":0,"pct":100},"functions":{"total":1,"covered":1,"skipped":0,"pct":100},"statements":{"total":6,"covered":6,"skipped":0,"pct":100},"branches":{"total":1,"covered":1,"skipped":0,"pct":100}}
,"/home/adson/Personal-Repository/Nichan/app/backend/src/services/animes.services.ts": {"lines":{"total":44,"covered":32,"skipped":0,"pct":72.72},"functions":{"total":6,"covered":6,"skipped":0,"pct":100},"statements":{"total":45,"covered":32,"skipped":0,"pct":71.11},"branches":{"total":12,"covered":8,"skipped":0,"pct":66.66}}
,"/home/adson/Personal-Repository/Nichan/app/backend/src/services/comments.services.ts": {"lines":{"total":42,"covered":30,"skipped":0,"pct":71.42},"functions":{"total":6,"covered":6,"skipped":0,"pct":100},"statements":{"total":42,"covered":30,"skipped":0,"pct":71.42},"branches":{"total":10,"covered":7,"skipped":0,"pct":70}}
,"/home/adson/Personal-Repository/Nichan/app/backend/src/services/users.services.ts": {"lines":{"total":51,"covered":35,"skipped":0,"pct":68.62},"functions":{"total":6,"covered":6,"skipped":0,"pct":100},"statements":{"total":51,"covered":35,"skipped":0,"pct":68.62},"branches":{"total":12,"covered":8,"skipped":0,"pct":66.66}}
}
