{"total": {"lines":{"total":96,"covered":84,"skipped":0,"pct":87.5},"statements":{"total":96,"covered":84,"skipped":0,"pct":87.5},"functions":{"total":19,"covered":19,"skipped":0,"pct":100},"branches":{"total":17,"covered":14,"skipped":0,"pct":82.35},"branchesTrue":{"total":0,"covered":0,"skipped":0,"pct":100}}
,"/home/adson/Personal-Repository/Nichan/app/backend/src/controllers/users.controller.ts": {"lines":{"total":20,"covered":20,"skipped":0,"pct":100},"functions":{"total":6,"covered":6,"skipped":0,"pct":100},"statements":{"total":20,"covered":20,"skipped":0,"pct":100},"branches":{"total":0,"covered":0,"skipped":0,"pct":100}}
,"/home/adson/Personal-Repository/Nichan/app/backend/src/models/mongo.model.ts": {"lines":{"total":25,"covered":25,"skipped":0,"pct":100},"functions":{"total":6,"covered":6,"skipped":0,"pct":100},"statements":{"total":25,"covered":25,"skipped":0,"pct":100},"branches":{"total":6,"covered":6,"skipped":0,"pct":100}}
,"/home/adson/Personal-Repository/Nichan/app/backend/src/models/users.model.ts": {"lines":{"total":6,"covered":6,"skipped":0,"pct":100},"functions":{"total":1,"covered":1,"skipped":0,"pct":100},"statements":{"total":6,"covered":6,"skipped":0,"pct":100},"branches":{"total":1,"covered":1,"skipped":0,"pct":100}}
,"/home/adson/Personal-Repository/Nichan/app/backend/src/services/users.services.ts": {"lines":{"total":45,"covered":33,"skipped":0,"pct":73.33},"functions":{"total":6,"covered":6,"skipped":0,"pct":100},"statements":{"total":45,"covered":33,"skipped":0,"pct":73.33},"branches":{"total":10,"covered":7,"skipped":0,"pct":70}}
}
